c:\users\bamin\source\repos\compfinal\consoleapplication2\x64\debug\vc143.pdb
c:\users\bamin\source\repos\compfinal\consoleapplication2\x64\debug\vc143.idb
c:\users\bamin\source\repos\compfinal\consoleapplication2\x64\debug\subaccount.obj
c:\users\bamin\source\repos\compfinal\consoleapplication2\x64\debug\savingaccount.obj
c:\users\bamin\source\repos\compfinal\consoleapplication2\x64\debug\consoleapplication2.obj
c:\users\bamin\source\repos\compfinal\consoleapplication2\x64\debug\bankaccount.obj
c:\users\bamin\source\repos\compfinal\consoleapplication2\x64\debug\bank.obj
c:\users\bamin\source\repos\compfinal\consoleapplication2\x64\debug\checkingaccount.obj
c:\users\bamin\source\repos\compfinal\consoleapplication2\x64\debug\subaccbst.obj
c:\users\bamin\source\repos\compfinal\consoleapplication2\x64\debug\consoleapplication2.exe
c:\users\bamin\source\repos\compfinal\consoleapplication2\x64\debug\consoleapplication2.ilk
c:\users\bamin\source\repos\compfinal\consoleapplication2\x64\debug\consoleapplication2.pdb
c:\users\bamin\source\repos\compfinal\consoleapplication2\x64\debug\account.obj
c:\users\bamin\source\repos\compfinal\consoleapplication2\x64\debug\bank.obj.enc
c:\users\bamin\source\repos\compfinal\consoleapplication2\x64\debug\bankaccount.obj.enc
c:\users\bamin\source\repos\compfinal\consoleapplication2\x64\debug\consolea.404f1db6.tlog\cl.command.1.tlog
c:\users\bamin\source\repos\compfinal\consoleapplication2\x64\debug\consolea.404f1db6.tlog\cl.read.1.tlog
c:\users\bamin\source\repos\compfinal\consoleapplication2\x64\debug\consolea.404f1db6.tlog\cl.write.1.tlog
c:\users\bamin\source\repos\compfinal\consoleapplication2\x64\debug\consolea.404f1db6.tlog\link.command.1.tlog
c:\users\bamin\source\repos\compfinal\consoleapplication2\x64\debug\consolea.404f1db6.tlog\link.read.1.tlog
c:\users\bamin\source\repos\compfinal\consoleapplication2\x64\debug\consolea.404f1db6.tlog\link.write.1.tlog
